<?xml version="1.0" encoding="UTF-8"?>
<testsuite xmlns:xsi="http://www.w3.org/2001/XMLSchema-instance" xsi:noNamespaceSchemaLocation="https://maven.apache.org/surefire/maven-surefire-plugin/xsd/surefire-test-report-3.0.xsd" version="3.0" name="org.pqca.scanning.JavaScannerServiceTest" time="1.76" tests="1" errors="0" skipped="0" failures="0">
  <properties>
    <property name="java.specification.version" value="21"/>
    <property name="sun.jnu.encoding" value="UTF-8"/>
    <property name="java.class.path" value="/Users/san/oss/cbomkit-lib/target/test-classes:/Users/san/oss/cbomkit-lib/target/classes:/Users/san/.m2/repository/jakarta/annotation/jakarta.annotation-api/3.0.0/jakarta.annotation-api-3.0.0.jar:/Users/san/.m2/repository/org/slf4j/slf4j-simple/2.0.17/slf4j-simple-2.0.17.jar:/Users/san/.m2/repository/org/slf4j/slf4j-api/2.0.17/slf4j-api-2.0.17.jar:/Users/san/.m2/repository/com/ibm/sonar-cryptography-plugin/1.4.5/sonar-cryptography-plugin-1.4.5.jar:/Users/san/.m2/repository/com/ibm/java/1.4.5/java-1.4.5.jar:/Users/san/.m2/repository/com/ibm/engine/1.4.5/engine-1.4.5.jar:/Users/san/.m2/repository/com/ibm/common/1.4.5/common-1.4.5.jar:/Users/san/.m2/repository/com/ibm/output/1.4.5/output-1.4.5.jar:/Users/san/.m2/repository/org/cyclonedx/cyclonedx-core-java/10.1.0/cyclonedx-core-java-10.1.0.jar:/Users/san/.m2/repository/org/apache/commons/commons-collections4/4.4/commons-collections4-4.4.jar:/Users/san/.m2/repository/com/github/package-url/packageurl-java/1.5.0/packageurl-java-1.5.0.jar:/Users/san/.m2/repository/com/fasterxml/jackson/dataformat/jackson-dataformat-xml/2.18.2/jackson-dataformat-xml-2.18.2.jar:/Users/san/.m2/repository/com/networknt/json-schema-validator/1.5.4/json-schema-validator-1.5.4.jar:/Users/san/.m2/repository/com/ethlo/time/itu/1.10.2/itu-1.10.2.jar:/Users/san/.m2/repository/com/fasterxml/jackson/dataformat/jackson-dataformat-yaml/2.18.1/jackson-dataformat-yaml-2.18.1.jar:/Users/san/.m2/repository/org/yaml/snakeyaml/2.3/snakeyaml-2.3.jar:/Users/san/.m2/repository/com/ibm/mapper/1.4.5/mapper-1.4.5.jar:/Users/san/.m2/repository/com/ibm/enricher/1.4.5/enricher-1.4.5.jar:/Users/san/.m2/repository/com/ibm/rules/1.4.5/rules-1.4.5.jar:/Users/san/.m2/repository/com/ibm/python/1.4.5/python-1.4.5.jar:/Users/san/.m2/repository/org/apache/commons/commons-lang3/3.17.0/commons-lang3-3.17.0.jar:/Users/san/.m2/repository/com/google/code/gson/gson/2.12.1/gson-2.12.1.jar:/Users/san/.m2/repository/com/google/errorprone/error_prone_annotations/2.36.0/error_prone_annotations-2.36.0.jar:/Users/san/.m2/repository/org/sonarsource/java/sonar-java-plugin/8.10.0.38194/sonar-java-plugin-8.10.0.38194.jar:/Users/san/.m2/repository/org/sonarsource/java/java-surefire/8.10.0.38194/java-surefire-8.10.0.38194.jar:/Users/san/.m2/repository/com/fasterxml/staxmate/staxmate/2.4.1/staxmate-2.4.1.jar:/Users/san/.m2/repository/org/sonarsource/java/java-frontend/8.10.0.38194/java-frontend-8.10.0.38194.jar:/Users/san/.m2/repository/org/sonarsource/java/jdt-package/1.3.0.89/jdt-package-1.3.0.89.jar:/Users/san/.m2/repository/org/sonarsource/sslr/sslr-core/1.24.0.633/sslr-core-1.24.0.633.jar:/Users/san/.m2/repository/org/sonarsource/analyzer-commons/sonar-regex-parsing/2.14.0.3087/sonar-regex-parsing-2.14.0.3087.jar:/Users/san/.m2/repository/org/sonarsource/java/java-checks/8.10.0.38194/java-checks-8.10.0.38194.jar:/Users/san/.m2/repository/org/sonarsource/java/java-checks-common/8.10.0.38194/java-checks-common-8.10.0.38194.jar:/Users/san/.m2/repository/org/sonarsource/analyzer-commons/sonar-analyzer-recognizers/2.14.0.3087/sonar-analyzer-recognizers-2.14.0.3087.jar:/Users/san/.m2/repository/org/springframework/spring-expression/6.1.13/spring-expression-6.1.13.jar:/Users/san/.m2/repository/org/springframework/spring-core/6.1.13/spring-core-6.1.13.jar:/Users/san/.m2/repository/org/springframework/spring-jcl/6.1.13/spring-jcl-6.1.13.jar:/Users/san/.m2/repository/org/sonarsource/java/java-checks-aws/8.10.0.38194/java-checks-aws-8.10.0.38194.jar:/Users/san/.m2/repository/org/sonarsource/java/check-list/8.10.0.38194/check-list-8.10.0.38194.jar:/Users/san/.m2/repository/org/sonarsource/java/external-reports/8.10.0.38194/external-reports-8.10.0.38194.jar:/Users/san/.m2/repository/org/sonarsource/java/java-jsp/8.10.0.38194/java-jsp-8.10.0.38194.jar:/Users/san/.m2/repository/org/apache/tomcat/embed/tomcat-embed-jasper/9.0.96/tomcat-embed-jasper-9.0.96.jar:/Users/san/.m2/repository/org/apache/tomcat/embed/tomcat-embed-core/9.0.96/tomcat-embed-core-9.0.96.jar:/Users/san/.m2/repository/org/apache/tomcat/tomcat-annotations-api/9.0.96/tomcat-annotations-api-9.0.96.jar:/Users/san/.m2/repository/org/apache/tomcat/embed/tomcat-embed-el/9.0.96/tomcat-embed-el-9.0.96.jar:/Users/san/.m2/repository/org/sonarsource/analyzer-commons/sonar-analyzer-commons/2.14.0.3087/sonar-analyzer-commons-2.14.0.3087.jar:/Users/san/.m2/repository/org/sonarsource/analyzer-commons/sonar-xml-parsing/2.14.0.3087/sonar-xml-parsing-2.14.0.3087.jar:/Users/san/.m2/repository/xerces/xercesImpl/2.12.2/xercesImpl-2.12.2.jar:/Users/san/.m2/repository/xml-apis/xml-apis/1.4.01/xml-apis-1.4.01.jar:/Users/san/.m2/repository/com/fasterxml/woodstox/woodstox-core/6.4.0/woodstox-core-6.4.0.jar:/Users/san/.m2/repository/org/sonarsource/analyzer-commons/sonar-performance-measure/2.14.0.3087/sonar-performance-measure-2.14.0.3087.jar:/Users/san/.m2/repository/org/sonarsource/python/sonar-python-plugin/4.26.0.19456/sonar-python-plugin-4.26.0.19456.jar:/Users/san/.m2/repository/org/sonarsource/python/python-frontend/4.26.0.19456/python-frontend-4.26.0.19456.jar:/Users/san/.m2/repository/com/google/protobuf/protobuf-java/4.29.0/protobuf-java-4.29.0.jar:/Users/san/.m2/repository/com/fasterxml/jackson/core/jackson-databind/2.18.2/jackson-databind-2.18.2.jar:/Users/san/.m2/repository/com/fasterxml/jackson/core/jackson-annotations/2.18.2/jackson-annotations-2.18.2.jar:/Users/san/.m2/repository/com/fasterxml/jackson/core/jackson-core/2.18.2/jackson-core-2.18.2.jar:/Users/san/.m2/repository/org/sonarsource/python/python-checks/4.26.0.19456/python-checks-4.26.0.19456.jar:/Users/san/.m2/repository/commons-lang/commons-lang/2.6/commons-lang-2.6.jar:/Users/san/.m2/repository/org/codehaus/staxmate/staxmate/2.0.1/staxmate-2.0.1.jar:/Users/san/.m2/repository/stax/stax-api/1.0.1/stax-api-1.0.1.jar:/Users/san/.m2/repository/org/codehaus/woodstox/stax2-api/3.1.4/stax2-api-3.1.4.jar:/Users/san/.m2/repository/com/google/googlejavaformat/google-java-format/1.25.2/google-java-format-1.25.2.jar:/Users/san/.m2/repository/com/google/guava/guava/32.1.3-jre/guava-32.1.3-jre.jar:/Users/san/.m2/repository/com/google/guava/failureaccess/1.0.1/failureaccess-1.0.1.jar:/Users/san/.m2/repository/com/google/guava/listenablefuture/9999.0-empty-to-avoid-conflict-with-guava/listenablefuture-9999.0-empty-to-avoid-conflict-with-guava.jar:/Users/san/.m2/repository/org/checkerframework/checker-qual/3.37.0/checker-qual-3.37.0.jar:/Users/san/.m2/repository/com/google/j2objc/j2objc-annotations/2.8/j2objc-annotations-2.8.jar:/Users/san/.m2/repository/org/sonarsource/api/plugin/sonar-plugin-api/12.0.0.2960/sonar-plugin-api-12.0.0.2960.jar:/Users/san/.m2/repository/org/sonarsource/sonarqube/sonar-plugin-api-impl/25.6.0.109173/sonar-plugin-api-impl-25.6.0.109173.jar:/Users/san/.m2/repository/commons-codec/commons-codec/1.18.0/commons-codec-1.18.0.jar:/Users/san/.m2/repository/commons-io/commons-io/2.18.0/commons-io-2.18.0.jar:/Users/san/.m2/repository/org/apache/commons/commons-csv/1.14.0/commons-csv-1.14.0.jar:/Users/san/.m2/repository/com/github/spotbugs/spotbugs-annotations/4.9.3/spotbugs-annotations-4.9.3.jar:/Users/san/.m2/repository/com/google/code/findbugs/jsr305/3.0.2/jsr305-3.0.2.jar:/Users/san/.m2/repository/junit/junit/4.13.2/junit-4.13.2.jar:/Users/san/.m2/repository/org/hamcrest/hamcrest-core/1.3/hamcrest-core-1.3.jar:/Users/san/.m2/repository/org/junit/jupiter/junit-jupiter-api/5.13.1/junit-jupiter-api-5.13.1.jar:/Users/san/.m2/repository/org/opentest4j/opentest4j/1.3.0/opentest4j-1.3.0.jar:/Users/san/.m2/repository/org/junit/platform/junit-platform-commons/1.13.1/junit-platform-commons-1.13.1.jar:/Users/san/.m2/repository/org/apiguardian/apiguardian-api/1.1.2/apiguardian-api-1.1.2.jar:/Users/san/.m2/repository/org/assertj/assertj-core/3.27.3/assertj-core-3.27.3.jar:/Users/san/.m2/repository/net/bytebuddy/byte-buddy/1.15.11/byte-buddy-1.15.11.jar:"/>
    <property name="java.vm.vendor" value="Eclipse Adoptium"/>
    <property name="sun.arch.data.model" value="64"/>
    <property name="java.vendor.url" value="https://adoptium.net/"/>
    <property name="user.timezone" value="Europe/Zurich"/>
    <property name="os.name" value="Mac OS X"/>
    <property name="java.vm.specification.version" value="21"/>
    <property name="sun.java.launcher" value="SUN_STANDARD"/>
    <property name="user.country" value="CH"/>
    <property name="sun.boot.library.path" value="/Library/Java/JavaVirtualMachines/temurin-21.jdk/Contents/Home/lib"/>
    <property name="sun.java.command" value="/Users/san/oss/cbomkit-lib/target/surefire/surefirebooter-20250618125530729_3.jar /Users/san/oss/cbomkit-lib/target/surefire 2025-06-18T12-55-30_688-jvmRun1 surefire-20250618125530729_1tmp surefire_0-20250618125530729_2tmp"/>
    <property name="jdk.debug" value="release"/>
    <property name="surefire.test.class.path" value="/Users/san/oss/cbomkit-lib/target/test-classes:/Users/san/oss/cbomkit-lib/target/classes:/Users/san/.m2/repository/jakarta/annotation/jakarta.annotation-api/3.0.0/jakarta.annotation-api-3.0.0.jar:/Users/san/.m2/repository/org/slf4j/slf4j-simple/2.0.17/slf4j-simple-2.0.17.jar:/Users/san/.m2/repository/org/slf4j/slf4j-api/2.0.17/slf4j-api-2.0.17.jar:/Users/san/.m2/repository/com/ibm/sonar-cryptography-plugin/1.4.5/sonar-cryptography-plugin-1.4.5.jar:/Users/san/.m2/repository/com/ibm/java/1.4.5/java-1.4.5.jar:/Users/san/.m2/repository/com/ibm/engine/1.4.5/engine-1.4.5.jar:/Users/san/.m2/repository/com/ibm/common/1.4.5/common-1.4.5.jar:/Users/san/.m2/repository/com/ibm/output/1.4.5/output-1.4.5.jar:/Users/san/.m2/repository/org/cyclonedx/cyclonedx-core-java/10.1.0/cyclonedx-core-java-10.1.0.jar:/Users/san/.m2/repository/org/apache/commons/commons-collections4/4.4/commons-collections4-4.4.jar:/Users/san/.m2/repository/com/github/package-url/packageurl-java/1.5.0/packageurl-java-1.5.0.jar:/Users/san/.m2/repository/com/fasterxml/jackson/dataformat/jackson-dataformat-xml/2.18.2/jackson-dataformat-xml-2.18.2.jar:/Users/san/.m2/repository/com/networknt/json-schema-validator/1.5.4/json-schema-validator-1.5.4.jar:/Users/san/.m2/repository/com/ethlo/time/itu/1.10.2/itu-1.10.2.jar:/Users/san/.m2/repository/com/fasterxml/jackson/dataformat/jackson-dataformat-yaml/2.18.1/jackson-dataformat-yaml-2.18.1.jar:/Users/san/.m2/repository/org/yaml/snakeyaml/2.3/snakeyaml-2.3.jar:/Users/san/.m2/repository/com/ibm/mapper/1.4.5/mapper-1.4.5.jar:/Users/san/.m2/repository/com/ibm/enricher/1.4.5/enricher-1.4.5.jar:/Users/san/.m2/repository/com/ibm/rules/1.4.5/rules-1.4.5.jar:/Users/san/.m2/repository/com/ibm/python/1.4.5/python-1.4.5.jar:/Users/san/.m2/repository/org/apache/commons/commons-lang3/3.17.0/commons-lang3-3.17.0.jar:/Users/san/.m2/repository/com/google/code/gson/gson/2.12.1/gson-2.12.1.jar:/Users/san/.m2/repository/com/google/errorprone/error_prone_annotations/2.36.0/error_prone_annotations-2.36.0.jar:/Users/san/.m2/repository/org/sonarsource/java/sonar-java-plugin/8.10.0.38194/sonar-java-plugin-8.10.0.38194.jar:/Users/san/.m2/repository/org/sonarsource/java/java-surefire/8.10.0.38194/java-surefire-8.10.0.38194.jar:/Users/san/.m2/repository/com/fasterxml/staxmate/staxmate/2.4.1/staxmate-2.4.1.jar:/Users/san/.m2/repository/org/sonarsource/java/java-frontend/8.10.0.38194/java-frontend-8.10.0.38194.jar:/Users/san/.m2/repository/org/sonarsource/java/jdt-package/1.3.0.89/jdt-package-1.3.0.89.jar:/Users/san/.m2/repository/org/sonarsource/sslr/sslr-core/1.24.0.633/sslr-core-1.24.0.633.jar:/Users/san/.m2/repository/org/sonarsource/analyzer-commons/sonar-regex-parsing/2.14.0.3087/sonar-regex-parsing-2.14.0.3087.jar:/Users/san/.m2/repository/org/sonarsource/java/java-checks/8.10.0.38194/java-checks-8.10.0.38194.jar:/Users/san/.m2/repository/org/sonarsource/java/java-checks-common/8.10.0.38194/java-checks-common-8.10.0.38194.jar:/Users/san/.m2/repository/org/sonarsource/analyzer-commons/sonar-analyzer-recognizers/2.14.0.3087/sonar-analyzer-recognizers-2.14.0.3087.jar:/Users/san/.m2/repository/org/springframework/spring-expression/6.1.13/spring-expression-6.1.13.jar:/Users/san/.m2/repository/org/springframework/spring-core/6.1.13/spring-core-6.1.13.jar:/Users/san/.m2/repository/org/springframework/spring-jcl/6.1.13/spring-jcl-6.1.13.jar:/Users/san/.m2/repository/org/sonarsource/java/java-checks-aws/8.10.0.38194/java-checks-aws-8.10.0.38194.jar:/Users/san/.m2/repository/org/sonarsource/java/check-list/8.10.0.38194/check-list-8.10.0.38194.jar:/Users/san/.m2/repository/org/sonarsource/java/external-reports/8.10.0.38194/external-reports-8.10.0.38194.jar:/Users/san/.m2/repository/org/sonarsource/java/java-jsp/8.10.0.38194/java-jsp-8.10.0.38194.jar:/Users/san/.m2/repository/org/apache/tomcat/embed/tomcat-embed-jasper/9.0.96/tomcat-embed-jasper-9.0.96.jar:/Users/san/.m2/repository/org/apache/tomcat/embed/tomcat-embed-core/9.0.96/tomcat-embed-core-9.0.96.jar:/Users/san/.m2/repository/org/apache/tomcat/tomcat-annotations-api/9.0.96/tomcat-annotations-api-9.0.96.jar:/Users/san/.m2/repository/org/apache/tomcat/embed/tomcat-embed-el/9.0.96/tomcat-embed-el-9.0.96.jar:/Users/san/.m2/repository/org/sonarsource/analyzer-commons/sonar-analyzer-commons/2.14.0.3087/sonar-analyzer-commons-2.14.0.3087.jar:/Users/san/.m2/repository/org/sonarsource/analyzer-commons/sonar-xml-parsing/2.14.0.3087/sonar-xml-parsing-2.14.0.3087.jar:/Users/san/.m2/repository/xerces/xercesImpl/2.12.2/xercesImpl-2.12.2.jar:/Users/san/.m2/repository/xml-apis/xml-apis/1.4.01/xml-apis-1.4.01.jar:/Users/san/.m2/repository/com/fasterxml/woodstox/woodstox-core/6.4.0/woodstox-core-6.4.0.jar:/Users/san/.m2/repository/org/sonarsource/analyzer-commons/sonar-performance-measure/2.14.0.3087/sonar-performance-measure-2.14.0.3087.jar:/Users/san/.m2/repository/org/sonarsource/python/sonar-python-plugin/4.26.0.19456/sonar-python-plugin-4.26.0.19456.jar:/Users/san/.m2/repository/org/sonarsource/python/python-frontend/4.26.0.19456/python-frontend-4.26.0.19456.jar:/Users/san/.m2/repository/com/google/protobuf/protobuf-java/4.29.0/protobuf-java-4.29.0.jar:/Users/san/.m2/repository/com/fasterxml/jackson/core/jackson-databind/2.18.2/jackson-databind-2.18.2.jar:/Users/san/.m2/repository/com/fasterxml/jackson/core/jackson-annotations/2.18.2/jackson-annotations-2.18.2.jar:/Users/san/.m2/repository/com/fasterxml/jackson/core/jackson-core/2.18.2/jackson-core-2.18.2.jar:/Users/san/.m2/repository/org/sonarsource/python/python-checks/4.26.0.19456/python-checks-4.26.0.19456.jar:/Users/san/.m2/repository/commons-lang/commons-lang/2.6/commons-lang-2.6.jar:/Users/san/.m2/repository/org/codehaus/staxmate/staxmate/2.0.1/staxmate-2.0.1.jar:/Users/san/.m2/repository/stax/stax-api/1.0.1/stax-api-1.0.1.jar:/Users/san/.m2/repository/org/codehaus/woodstox/stax2-api/3.1.4/stax2-api-3.1.4.jar:/Users/san/.m2/repository/com/google/googlejavaformat/google-java-format/1.25.2/google-java-format-1.25.2.jar:/Users/san/.m2/repository/com/google/guava/guava/32.1.3-jre/guava-32.1.3-jre.jar:/Users/san/.m2/repository/com/google/guava/failureaccess/1.0.1/failureaccess-1.0.1.jar:/Users/san/.m2/repository/com/google/guava/listenablefuture/9999.0-empty-to-avoid-conflict-with-guava/listenablefuture-9999.0-empty-to-avoid-conflict-with-guava.jar:/Users/san/.m2/repository/org/checkerframework/checker-qual/3.37.0/checker-qual-3.37.0.jar:/Users/san/.m2/repository/com/google/j2objc/j2objc-annotations/2.8/j2objc-annotations-2.8.jar:/Users/san/.m2/repository/org/sonarsource/api/plugin/sonar-plugin-api/12.0.0.2960/sonar-plugin-api-12.0.0.2960.jar:/Users/san/.m2/repository/org/sonarsource/sonarqube/sonar-plugin-api-impl/25.6.0.109173/sonar-plugin-api-impl-25.6.0.109173.jar:/Users/san/.m2/repository/commons-codec/commons-codec/1.18.0/commons-codec-1.18.0.jar:/Users/san/.m2/repository/commons-io/commons-io/2.18.0/commons-io-2.18.0.jar:/Users/san/.m2/repository/org/apache/commons/commons-csv/1.14.0/commons-csv-1.14.0.jar:/Users/san/.m2/repository/com/github/spotbugs/spotbugs-annotations/4.9.3/spotbugs-annotations-4.9.3.jar:/Users/san/.m2/repository/com/google/code/findbugs/jsr305/3.0.2/jsr305-3.0.2.jar:/Users/san/.m2/repository/junit/junit/4.13.2/junit-4.13.2.jar:/Users/san/.m2/repository/org/hamcrest/hamcrest-core/1.3/hamcrest-core-1.3.jar:/Users/san/.m2/repository/org/junit/jupiter/junit-jupiter-api/5.13.1/junit-jupiter-api-5.13.1.jar:/Users/san/.m2/repository/org/opentest4j/opentest4j/1.3.0/opentest4j-1.3.0.jar:/Users/san/.m2/repository/org/junit/platform/junit-platform-commons/1.13.1/junit-platform-commons-1.13.1.jar:/Users/san/.m2/repository/org/apiguardian/apiguardian-api/1.1.2/apiguardian-api-1.1.2.jar:/Users/san/.m2/repository/org/assertj/assertj-core/3.27.3/assertj-core-3.27.3.jar:/Users/san/.m2/repository/net/bytebuddy/byte-buddy/1.15.11/byte-buddy-1.15.11.jar:"/>
    <property name="sun.cpu.endian" value="little"/>
    <property name="user.home" value="/Users/san"/>
    <property name="user.language" value="en"/>
    <property name="java.specification.vendor" value="Oracle Corporation"/>
    <property name="java.version.date" value="2025-04-15"/>
    <property name="java.home" value="/Library/Java/JavaVirtualMachines/temurin-21.jdk/Contents/Home"/>
    <property name="file.separator" value="/"/>
    <property name="basedir" value="/Users/san/oss/cbomkit-lib"/>
    <property name="java.vm.compressedOopsMode" value="Zero based"/>
    <property name="line.separator" value="&#10;"/>
    <property name="java.vm.specification.vendor" value="Oracle Corporation"/>
    <property name="java.specification.name" value="Java Platform API Specification"/>
    <property name="apple.awt.application.name" value="ForkedBooter"/>
    <property name="surefire.real.class.path" value="/Users/san/oss/cbomkit-lib/target/surefire/surefirebooter-20250618125530729_3.jar"/>
    <property name="sun.management.compiler" value="HotSpot 64-Bit Tiered Compilers"/>
    <property name="java.runtime.version" value="21.0.7+6-LTS"/>
    <property name="user.name" value="san"/>
    <property name="stdout.encoding" value="UTF-8"/>
    <property name="path.separator" value=":"/>
    <property name="os.version" value="15.5"/>
    <property name="java.runtime.name" value="OpenJDK Runtime Environment"/>
    <property name="file.encoding" value="UTF-8"/>
    <property name="java.vm.name" value="OpenJDK 64-Bit Server VM"/>
    <property name="java.vendor.version" value="Temurin-21.0.7+6"/>
    <property name="localRepository" value="/Users/san/.m2/repository"/>
    <property name="java.vendor.url.bug" value="https://github.com/adoptium/adoptium-support/issues"/>
    <property name="java.io.tmpdir" value="/var/folders/64/9pvc6rsj0kzbz654m8nypfdh0000gn/T/"/>
    <property name="java.version" value="21.0.7"/>
    <property name="user.dir" value="/Users/san/oss/cbomkit-lib"/>
    <property name="os.arch" value="aarch64"/>
    <property name="java.vm.specification.name" value="Java Virtual Machine Specification"/>
    <property name="native.encoding" value="UTF-8"/>
    <property name="java.library.path" value="/Users/san/Library/Java/Extensions:/Library/Java/Extensions:/Network/Library/Java/Extensions:/System/Library/Java/Extensions:/usr/lib/java:."/>
    <property name="java.vm.info" value="mixed mode, sharing"/>
    <property name="stderr.encoding" value="UTF-8"/>
    <property name="java.vendor" value="Eclipse Adoptium"/>
    <property name="java.vm.version" value="21.0.7+6-LTS"/>
    <property name="sun.io.unicode.encoding" value="UnicodeBig"/>
    <property name="java.class.version" value="65.0"/>
  </properties>
  <testcase name="test" classname="org.pqca.scanning.JavaScannerServiceTest" time="1.759">
    <system-err><![CDATA[[main] INFO org.pqca.indexing.IndexingService - Indexing projects ...
[main] INFO org.pqca.indexing.IndexingService - Found project module 'crypto/default' [13 .javafiles]
[main] INFO org.pqca.indexing.IndexingService - Found project module 'services' [18 .javafiles]
[main] INFO org.pqca.scanning.ScannerService - Start scanning 2 java projects
[main] INFO org.pqca.scanning.ScannerService - Scanning java project crypto/default (1/2)
[main] INFO org.sonar.java.JavaFrontend - Server-side caching is not enabled. The Java analyzer will not try to leverage data from a previous analysis.
[main] INFO org.sonar.java.JavaFrontend - Using ECJ batch to parse 13 Main java source files with batch size 8388608 KB.
[main] INFO org.sonar.java.ProgressMonitor - Starting batch processing.
[main] INFO org.sonar.java.SonarComponents - The Java analyzer cannot skip unchanged files in this context. A full analysis is performed for all files.
[main] INFO com.ibm.output.IAggregator - Detected (KeyWrap) AES
[main] INFO com.ibm.output.IAggregator - Detected (KeyWrap) AES
[main] INFO com.ibm.output.IAggregator - Detected (Key) EC
[main] INFO com.ibm.output.IAggregator - Detected (KeyDerivationFunction) ConcatenationKDF
[main] INFO com.ibm.output.IAggregator - Detected (PublicKey) EC
[main] INFO com.ibm.output.IAggregator - Detected (KeyAgreement) ECDH
[main] INFO com.ibm.output.IAggregator - Detected (PublicKey) EC
[main] INFO com.ibm.output.IAggregator - Detected (KeyWrap) AES
[main] INFO com.ibm.output.IAggregator - Detected (KeyWrap) AES
[main] INFO org.sonar.java.ProgressMonitor - 100% analyzed
[main] INFO org.sonar.java.ProgressMonitor - Batch processing: Done.
[main] INFO org.sonar.java.model.VisitorsBridge - Did not optimize analysis for any files, performed a full analysis for all 13 files.
[main] WARN org.sonar.java.SonarComponents - Unresolved imports/types have been detected during analysis. Enable DEBUG mode to see them.
[main] WARN org.sonar.java.SonarComponents - Use of preview features have been detected during analysis. Enable DEBUG mode to see them.
[main] INFO org.sonar.java.JavaFrontend - No "Test" source files to scan.
[main] INFO org.sonar.java.JavaFrontend - No "Generated" source files to scan.
[main] INFO org.pqca.scanning.ScannerService - Scanning java project services (2/2)
[main] INFO org.sonar.java.JavaFrontend - Server-side caching is not enabled. The Java analyzer will not try to leverage data from a previous analysis.
[main] INFO org.sonar.java.JavaFrontend - Using ECJ batch to parse 18 Main java source files with batch size 8388608 KB.
[main] INFO org.sonar.java.ProgressMonitor - Starting batch processing.
[main] INFO com.ibm.output.IAggregator - Detected (TLS) TLS
[main] INFO com.ibm.output.IAggregator - Detected (TLS) TLS
[main] INFO org.sonar.java.ProgressMonitor - 100% analyzed
[main] INFO org.sonar.java.ProgressMonitor - Batch processing: Done.
[main] INFO org.sonar.java.model.VisitorsBridge - Did not optimize analysis for any files, performed a full analysis for all 31 files.
[main] WARN org.sonar.java.SonarComponents - Unresolved imports/types have been detected during analysis. Enable DEBUG mode to see them.
[main] WARN org.sonar.java.SonarComponents - Use of preview features have been detected during analysis. Enable DEBUG mode to see them.
[main] INFO org.sonar.java.JavaFrontend - No "Test" source files to scan.
[main] INFO org.sonar.java.JavaFrontend - No "Generated" source files to scan.
[main] INFO org.pqca.scanning.ScannerService - Scanned 2 java projects
]]></system-err>
  </testcase>
</testsuite>